<?xml version="1.0" encoding="UTF-8"?>
<coverage generated="1774903136454" clover="3.2.0">
  <project timestamp="1774903136454" name="All files">
    <metrics statements="26" coveredstatements="19" conditionals="12" coveredconditionals="7" methods="12" coveredmethods="8" elements="50" coveredelements="34" complexity="0" loc="26" ncloc="26" packages="1" files="1" classes="1"/>
    <file name="App.tsx" path="/Users/klai/AI/morphs/configurator/src/App.tsx">
      <metrics statements="26" coveredstatements="19" conditionals="12" coveredconditionals="7" methods="12" coveredmethods="8"/>
      <line num="3" count="1" type="stmt"/>
      <line num="9" count="1" type="stmt"/>
      <line num="17" count="4" type="stmt"/>
      <line num="18" count="4" type="stmt"/>
      <line num="19" count="4" type="stmt"/>
      <line num="21" count="4" type="stmt"/>
      <line num="22" count="2" type="stmt"/>
      <line num="23" count="2" type="stmt"/>
      <line num="24" count="2" type="stmt"/>
      <line num="25" count="0" type="stmt"/>
      <line num="28" count="4" type="stmt"/>
      <line num="29" count="0" type="cond" truecount="0" falsecount="2"/>
      <line num="30" count="0" type="stmt"/>
      <line num="32" count="0" type="stmt"/>
      <line num="36" count="4" type="stmt"/>
      <line num="38" count="4" type="stmt"/>
      <line num="39" count="1" type="stmt"/>
      <line num="40" count="1" type="stmt"/>
      <line num="41" count="1" type="stmt"/>
      <line num="49" count="0" type="stmt"/>
      <line num="50" count="0" type="stmt"/>
      <line num="54" count="4" type="stmt"/>
      <line num="84" count="9" type="stmt"/>
      <line num="86" count="1" type="stmt"/>
      <line num="109" count="12" type="stmt"/>
      <line num="113" count="0" type="cond" truecount="0" falsecount="2"/>
    </file>
  </project>
</coverage>
