{"/Users/klai/AI/morphs/configurator/src/App.tsx": {"path":"/Users/klai/AI/morphs/configurator/src/App.tsx","statementMap":{"0":{"start":{"line":3,"column":19},"end":{"line":7,"column":null}},"1":{"start":{"line":9,"column":23},"end":{"line":14,"column":null}},"2":{"start":{"line":17,"column":27},"end":{"line":17,"column":72}},"3":{"start":{"line":18,"column":26},"end":{"line":18,"column":90}},"4":{"start":{"line":19,"column":18},"end":{"line":19,"column":83}},"5":{"start":{"line":21,"column":2},"end":{"line":26,"column":null}},"6":{"start":{"line":22,"column":4},"end":{"line":25,"column":null}},"7":{"start":{"line":23,"column":19},"end":{"line":23,"column":29}},"8":{"start":{"line":24,"column":20},"end":{"line":24,"column":36}},"9":{"start":{"line":25,"column":18},"end":{"line":25,"column":47}},"10":{"start":{"line":28,"column":8},"end":{"line":32,"column":null}},"11":{"start":{"line":29,"column":4},"end":{"line":32,"column":null}},"12":{"start":{"line":30,"column":6},"end":{"line":30,"column":null}},"13":{"start":{"line":30,"column":53},"end":{"line":30,"column":62}},"14":{"start":{"line":32,"column":6},"end":{"line":32,"column":null}},"15":{"start":{"line":36,"column":23},"end":{"line":36,"column":57}},"16":{"start":{"line":38,"column":26},"end":{"line":50,"column":null}},"17":{"start":{"line":39,"column":4},"end":{"line":39,"column":null}},"18":{"start":{"line":40,"column":4},"end":{"line":50,"column":null}},"19":{"start":{"line":41,"column":6},"end":{"line":45,"column":null}},"20":{"start":{"line":49,"column":6},"end":{"line":49,"column":null}},"21":{"start":{"line":50,"column":6},"end":{"line":50,"column":null}},"22":{"start":{"line":54,"column":2},"end":{"line":140,"column":null}},"23":{"start":{"line":84,"column":18},"end":{"line":95,"column":null}},"24":{"start":{"line":86,"column":35},"end":{"line":86,"column":61}},"25":{"start":{"line":109,"column":18},"end":{"line":124,"column":null}},"26":{"start":{"line":113,"column":38},"end":{"line":113,"column":77}}},"fnMap":{"0":{"name":"App","decl":{"start":{"line":16,"column":24},"end":{"line":16,"column":30}},"loc":{"start":{"line":16,"column":30},"end":{"line":140,"column":null}},"line":16},"1":{"name":"(anonymous_1)","decl":{"start":{"line":21,"column":2},"end":{"line":21,"column":18}},"loc":{"start":{"line":21,"column":18},"end":{"line":26,"column":7}},"line":21},"2":{"name":"(anonymous_2)","decl":{"start":{"line":23,"column":7},"end":{"line":23,"column":12}},"loc":{"start":{"line":23,"column":19},"end":{"line":23,"column":29}},"line":23},"3":{"name":"(anonymous_3)","decl":{"start":{"line":24,"column":7},"end":{"line":24,"column":12}},"loc":{"start":{"line":24,"column":20},"end":{"line":24,"column":36}},"line":24},"4":{"name":"(anonymous_4)","decl":{"start":{"line":25,"column":7},"end":{"line":25,"column":13}},"loc":{"start":{"line":25,"column":18},"end":{"line":25,"column":47}},"line":25},"5":{"name":"(anonymous_5)","decl":{"start":{"line":28,"column":8},"end":{"line":28,"column":24}},"loc":{"start":{"line":28,"column":39},"end":{"line":32,"column":null}},"line":28},"6":{"name":"(anonymous_6)","decl":{"start":{"line":30,"column":41},"end":{"line":30,"column":48}},"loc":{"start":{"line":30,"column":53},"end":{"line":30,"column":62}},"line":30},"7":{"name":"(anonymous_7)","decl":{"start":{"line":38,"column":26},"end":{"line":38,"column":38}},"loc":{"start":{"line":38,"column":38},"end":{"line":50,"column":null}},"line":38},"8":{"name":"(anonymous_8)","decl":{"start":{"line":83,"column":28},"end":{"line":83,"column":32}},"loc":{"start":{"line":84,"column":18},"end":{"line":95,"column":null}},"line":84},"9":{"name":"(anonymous_9)","decl":{"start":{"line":86,"column":20},"end":{"line":86,"column":35}},"loc":{"start":{"line":86,"column":35},"end":{"line":86,"column":61}},"line":86},"10":{"name":"(anonymous_10)","decl":{"start":{"line":108,"column":32},"end":{"line":108,"column":36}},"loc":{"start":{"line":109,"column":18},"end":{"line":124,"column":null}},"line":109},"11":{"name":"(anonymous_11)","decl":{"start":{"line":113,"column":22},"end":{"line":113,"column":38}},"loc":{"start":{"line":113,"column":38},"end":{"line":113,"column":77}},"line":113}},"branchMap":{"0":{"loc":{"start":{"line":29,"column":4},"end":{"line":32,"column":null}},"type":"if","locations":[{"start":{"line":29,"column":4},"end":{"line":32,"column":null}},{"start":{"line":31,"column":11},"end":{"line":32,"column":null}}],"line":29},"1":{"loc":{"start":{"line":59,"column":9},"end":{"line":137,"column":null}},"type":"cond-expr","locations":[{"start":{"line":60,"column":10},"end":{"line":66,"column":null}},{"start":{"line":66,"column":10},"end":{"line":137,"column":null}}],"line":59},"2":{"loc":{"start":{"line":69,"column":81},"end":{"line":69,"column":151}},"type":"cond-expr","locations":[{"start":{"line":69,"column":91},"end":{"line":69,"column":134}},{"start":{"line":69,"column":134},"end":{"line":69,"column":151}}],"line":69},"3":{"loc":{"start":{"line":88,"column":24},"end":{"line":90,"column":null}},"type":"cond-expr","locations":[{"start":{"line":89,"column":26},"end":{"line":89,"column":null}},{"start":{"line":90,"column":26},"end":{"line":90,"column":null}}],"line":88},"4":{"loc":{"start":{"line":113,"column":38},"end":{"line":113,"column":77}},"type":"binary-expr","locations":[{"start":{"line":113,"column":38},"end":{"line":113,"column":56}},{"start":{"line":113,"column":56},"end":{"line":113,"column":77}}],"line":113},"5":{"loc":{"start":{"line":120,"column":25},"end":{"line":120,"column":null}},"type":"binary-expr","locations":[{"start":{"line":120,"column":25},"end":{"line":120,"column":42}},{"start":{"line":120,"column":42},"end":{"line":120,"column":null}}],"line":120}},"s":{"0":1,"1":1,"2":4,"3":4,"4":4,"5":4,"6":2,"7":2,"8":2,"9":0,"10":4,"11":0,"12":0,"13":0,"14":0,"15":4,"16":4,"17":1,"18":1,"19":1,"20":0,"21":0,"22":4,"23":9,"24":1,"25":12,"26":0},"f":{"0":4,"1":2,"2":2,"3":2,"4":0,"5":0,"6":0,"7":1,"8":9,"9":1,"10":12,"11":0},"b":{"0":[0,0],"1":[1,3],"2":[0,3],"3":[3,6],"4":[0,0],"5":[12,6]},"meta":{"lastBranch":6,"lastFunction":12,"lastStatement":27,"seen":{"s:3:19:7:Infinity":0,"s:9:23:14:Infinity":1,"f:16:24:16:30":0,"s:17:27:17:72":2,"s:18:26:18:90":3,"s:19:18:19:83":4,"s:21:2:26:Infinity":5,"f:21:2:21:18":1,"s:22:4:25:Infinity":6,"f:23:7:23:12":2,"s:23:19:23:29":7,"f:24:7:24:12":3,"s:24:20:24:36":8,"f:25:7:25:13":4,"s:25:18:25:47":9,"s:28:8:32:Infinity":10,"f:28:8:28:24":5,"b:29:4:32:Infinity:31:11:32:Infinity":0,"s:29:4:32:Infinity":11,"s:30:6:30:Infinity":12,"f:30:41:30:48":6,"s:30:53:30:62":13,"s:32:6:32:Infinity":14,"s:36:23:36:57":15,"s:38:26:50:Infinity":16,"f:38:26:38:38":7,"s:39:4:39:Infinity":17,"s:40:4:50:Infinity":18,"s:41:6:45:Infinity":19,"s:49:6:49:Infinity":20,"s:50:6:50:Infinity":21,"s:54:2:140:Infinity":22,"b:60:10:66:Infinity:66:10:137:Infinity":1,"b:69:91:69:134:69:134:69:151":2,"f:83:28:83:32":8,"s:84:18:95:Infinity":23,"f:86:20:86:35":9,"s:86:35:86:61":24,"b:89:26:89:Infinity:90:26:90:Infinity":3,"f:108:32:108:36":10,"s:109:18:124:Infinity":25,"f:113:22:113:38":11,"s:113:38:113:77":26,"b:113:38:113:56:113:56:113:77":4,"b:120:25:120:42:120:42:120:Infinity":5}}}
}
